-------------------------------------------------------------------------------
Test set: com.desafio.DesafioApplicationTests
-------------------------------------------------------------------------------
Tests run: 1, Failures: 0, Errors: 1, Skipped: 0, Time elapsed: 2.642 s <<< FAILURE! - in com.desafio.DesafioApplicationTests
contextLoads  Time elapsed: 0.001 s  <<< ERROR!
java.lang.IllegalStateException: Failed to load ApplicationContext
Caused by: org.springframework.beans.factory.BeanCreationException: Error creating bean with name 'flywayInitializer' defined in class path resource [org/springframework/boot/autoconfigure/flyway/FlywayAutoConfiguration$FlywayConfiguration.class]: Invocation of init method failed; nested exception is java.lang.RuntimeException: Driver oracle.jdbc.driver.OracleDriver claims to not accept jdbcUrl, jdbc/oracle:thin/@localhost:1521/Cadastro
Caused by: java.lang.RuntimeException: Driver oracle.jdbc.driver.OracleDriver claims to not accept jdbcUrl, jdbc/oracle:thin/@localhost:1521/Cadastro

